44095 SYS_brk(0)                             = 0x5629cb000000
44095 SYS_access("/etc/ld.so.nohwcap", 00)   = -2
44095 SYS_access("/etc/ld.so.preload", 04)   = -2
44095 SYS_openat(0xffffff9c, 0x7f7bf9684428, 0x80000, 0) = 3
44095 SYS_fstat(3, 0x7ffc264a00a0)           = 0
44095 SYS_mmap(0, 0x137fa, 1, 2)             = 0x7f7bf9876000
44095 SYS_close(3)                           = 0
44095 SYS_access("/etc/ld.so.nohwcap", 00)   = -2
44095 SYS_openat(0xffffff9c, 0x7f7bf988cdd0, 0x80000, 0) = 3
44095 SYS_read(3, "\177ELF\002\001\001\003", 832) = 832
44095 SYS_fstat(3, 0x7ffc264a0100)           = 0
44095 SYS_mmap(0, 8192, 3, 34)               = 0x7f7bf9874000
44095 SYS_mmap(0, 0x3f0ae0, 5, 2050)         = 0x7f7bf9272000
44095 SYS_mprotect(0x7f7bf9459000, 2097152, 0) = 0
44095 SYS_mmap(0x7f7bf9659000, 0x6000, 3, 2066) = 0x7f7bf9659000
44095 SYS_mmap(0x7f7bf965f000, 0x3ae0, 3, 50) = 0x7f7bf965f000
44095 SYS_close(3)                           = 0
44095 SYS_arch_prctl(4098, 0x7f7bf98754c0, 0x7f7bf9875e10, 0x7f7bf9874998) = 0
44095 SYS_mprotect(0x7f7bf9659000, 16384, 1) = 0
44095 SYS_mprotect(0x5629cab6c000, 4096, 1)  = 0
44095 SYS_mprotect(0x7f7bf988a000, 4096, 1)  = 0
44095 SYS_munmap(0x7f7bf9876000, 79866)      = 0
44095 signal(SIGINT, 0x5629ca96be3a <unfinished ...>
44095 SYS_rt_sigaction(2, 0x7ffc264a0380, 0x7ffc264a0420, 8) = 0
44095 <... signal resumed> )                 = 0
44095 fflush(0x7f7bf965e760)                 = 0
44095 atoi(0x7ffc264a28c8, 0x7f7bf965f8c0, 0, 2880) = 2346
44095 puts("Started server" <unfinished ...>
44095 SYS_fstat(1, 0x7ffc264a04a0)           = 0
44095 SYS_brk(0)                             = 0x5629cb000000
44095 SYS_brk(0x5629cb021000)                = 0x5629cb021000
44095 SYS_write(1, "Started server\n", 15)   = 15
44095 <... puts resumed> )                   = 15
44095 socket(2, 1, 0 <unfinished ...>
44095 SYS_socket(2, 1, 0, 0x5629cb000010)    = 3
44095 <... socket resumed> )                 = 3
44095 bzero(0x7ffc264a0660, 16)              = <void>
44095 htonl(0, 16, 16, 0x7f7bf9394ec7)       = 0
44095 htons(2346, 16, 16, 0x7f7bf9394ec7)    = 0x2a09
44095 bind(3, 0x7ffc264a0660, 16, 0x7ffc264a0660 <unfinished ...>
44095 SYS_bind(3, 0x7ffc264a0660, 16, 0x5629cb000010) = 0
44095 <... bind resumed> )                   = 0
44095 listen(3, 5, 16, 0x7f7bf9394877 <unfinished ...>
44095 SYS_listen(3, 5, 16, 0x5629cb000010)   = 0
44095 <... listen resumed> )                 = 0
44095 accept(3, 0x7ffc264a0650, 0x7ffc264a0638, 0x7ffc264a0650 <unfinished ...>
44095 SYS_accept(3, 0x7ffc264a0650, 0x7ffc264a0638, 0x5629cb000010) = 4
44095 <... accept resumed> )                 = 4
44095 puts("Client connected" <unfinished ...>
44095 SYS_write(1, "Client connected\n", 17) = 17
44095 <... puts resumed> )                   = 17
44095 fork( <unfinished ...>
44095 SYS_clone(0x1200011, 0, 0, 0x7f7bf9875790) = 0xac43
44099 <... fork resumed> )                   = 0
44095 <... fork resumed> )                   = 44099
44099 close(3 <unfinished ...>
44095 close(4 <unfinished ...>
44099 SYS_close(3 <unfinished ...>
44095 SYS_close(4 <unfinished ...>
44099 <... SYS_close resumed> )              = 0
44095 <... SYS_close resumed> )              = 0
44099 <... close resumed> )                  = 0
44095 <... close resumed> )                  = 0
44099 inet_ntoa({ 0x100007f } <unfinished ...>
44095 accept(3, 0x7ffc264a0650, 0x7ffc264a0638, 0x7ffc264a0650 <unfinished ...>
44095 SYS_accept(3, 0x7ffc264a0650, 0x7ffc264a0638, 0x7f7bf9875790 <unfinished ...>
44099 <... inet_ntoa resumed> )              = "127.0.0.1"
44099 printf("Client from %s\n", "127.0.0.1" <unfinished ...>
44099 SYS_write(1, "Client from 127.0.0.1\n", 22) = 22
44099 <... printf resumed> )                 = 22
44099 fflush(0x7f7bf965e760)                 = 0
44099 getpid( <unfinished ...>
44099 SYS_getpid()                           = 44099
44099 <... getpid resumed> )                 = 44099
44099 sprintf("[2346] PID 44099 Iteration #0\n", "[%d] PID %d Iteration #%d\n", 2346, 44099, 0) = 30
44099 strlen("[2346] PID 44099 Iteration #0\n") = 30
44099 send(4, 0x7ffc264a0670, 30, 0 <unfinished ...>
44099 SYS_sendto(4, 0x7ffc264a0670, 30, 0)   = 30
44099 <... send resumed> )                   = 30
44099 sleep(2 <unfinished ...>
44099 SYS_nanosleep(0x7ffc264a05e0, 0x7ffc264a05e0, 30, 0) = 0
44099 <... sleep resumed> )                  = 0
44099 getpid( <unfinished ...>
44099 SYS_getpid()                           = 44099
44099 <... getpid resumed> )                 = 44099
44099 sprintf("[2346] PID 44099 Iteration #1\n", "[%d] PID %d Iteration #%d\n", 2346, 44099, 1) = 30
44099 strlen("[2346] PID 44099 Iteration #1\n") = 30
44099 send(4, 0x7ffc264a0670, 30, 0 <unfinished ...>
44099 SYS_sendto(4, 0x7ffc264a0670, 30, 0)   = 30
44099 <... send resumed> )                   = 30
44099 sleep(2 <unfinished ...>
44099 SYS_nanosleep(0x7ffc264a05e0, 0x7ffc264a05e0, 30, 0) = 0
44099 <... sleep resumed> )                  = 0
44099 getpid( <unfinished ...>
44099 SYS_getpid()                           = 44099
44099 <... getpid resumed> )                 = 44099
44099 sprintf("[2346] PID 44099 Iteration #2\n", "[%d] PID %d Iteration #%d\n", 2346, 44099, 2) = 30
44099 strlen("[2346] PID 44099 Iteration #2\n") = 30
44099 send(4, 0x7ffc264a0670, 30, 0 <unfinished ...>
44099 SYS_sendto(4, 0x7ffc264a0670, 30, 0)   = 30
44099 <... send resumed> )                   = 30
44099 sleep(2 <unfinished ...>
44099 SYS_nanosleep(0x7ffc264a05e0, 0x7ffc264a05e0, 30, 0) = 0
44099 <... sleep resumed> )                  = 0
44099 getpid( <unfinished ...>
44099 SYS_getpid()                           = 44099
44099 <... getpid resumed> )                 = 44099
44099 sprintf("[2346] PID 44099 Iteration #3\n", "[%d] PID %d Iteration #%d\n", 2346, 44099, 3) = 30
44099 strlen("[2346] PID 44099 Iteration #3\n") = 30
44099 send(4, 0x7ffc264a0670, 30, 0 <unfinished ...>
44099 SYS_sendto(4, 0x7ffc264a0670, 30, 0)   = 30
44099 <... send resumed> )                   = 30
44099 sleep(2 <unfinished ...>
44099 SYS_nanosleep(0x7ffc264a05e0, 0x7ffc264a05e0, 30, 0) = 0
44099 <... sleep resumed> )                  = 0
44099 getpid( <unfinished ...>
44099 SYS_getpid()                           = 44099
44099 <... getpid resumed> )                 = 44099
44099 sprintf("[2346] PID 44099 Iteration #4\n", "[%d] PID %d Iteration #%d\n", 2346, 44099, 4) = 30
44099 strlen("[2346] PID 44099 Iteration #4\n") = 30
44099 send(4, 0x7ffc264a0670, 30, 0 <unfinished ...>
44099 SYS_sendto(4, 0x7ffc264a0670, 30, 0)   = 30
44099 <... send resumed> )                   = 30
44099 sleep(2 <unfinished ...>
44099 SYS_nanosleep(0x7ffc264a05e0, 0x7ffc264a05e0, 30, 0) = 0
44099 <... sleep resumed> )                  = 0
44099 exit(0 <unfinished ...>
44099 SYS_exit_group(0 <no return ...>
44099 +++ exited (status 0) +++
44095 <... SYS_accept resumed> )             = -512
44095 --- SIGCHLD (Child exited) ---
44095 SYS_accept(3, 0x7ffc264a0650, 0x7ffc264a0638, 0x7f7bf9875790) = -512
44095 --- SIGINT (Interrupt) ---
44095 printf("Oops! stop!!! %d\n", 2 <unfinished ...>
44095 SYS_write(1, "Oops! stop!!! 2\n", 16)  = 16
44095 <... printf resumed> )                 = 16
44095 close(3 <unfinished ...>
44095 SYS_close(3)                           = 0
44095 <... close resumed> )                  = 0
44095 _exit(0 <unfinished ...>
44095 SYS_exit_group(0 <no return ...>
44095 +++ exited (status 0) +++
